<?xml version="1.0" encoding="UTF-8"?>
<testng-results ignored="0" total="1" passed="1" failed="0" skipped="0">
  <reporter-output>
  </reporter-output>
  <suite started-at="2020-08-30T21:15:13 CDT" name="demo" finished-at="2020-08-30T21:15:21 CDT" duration-ms="7594">
    <groups>
    </groups>
    <test started-at="2020-08-30T21:15:13 CDT" name="Test" finished-at="2020-08-30T21:15:21 CDT" duration-ms="7594">
      <class name="demo.MyClass">
        <test-method signature="TC001()[pri:0, instance:demo.MyClass@77fbd92c]" started-at="2020-08-30T21:15:13 CDT" name="TC001" finished-at="2020-08-30T21:15:21 CDT" duration-ms="7536" status="PASS">
          <reporter-output>
          </reporter-output>
        </test-method> <!-- TC001 -->
      </class> <!-- demo.MyClass -->
    </test> <!-- Test -->
  </suite> <!-- demo -->
</testng-results>
